<?xml version="1.0" encoding="UTF-8"?>
<!-- Generated by org.testng.reporters.JUnitXMLReporter -->
<testsuite ignored="0" hostname="DESKTOP-HE7T000" failures="0" tests="5" name="Entrata Test Cases" time="79.093" errors="0" timestamp="2024-09-27T11:52:24 IST">
  <testcase classname="com.entrata.qa.testcases.ContentLoading" name="testDynamicContentLoadingOnSummitPage" time="31.478"/>
  <testcase classname="com.entrata.qa.testcases.Navigate" name="veriftNavigation" time="2.517"/>
  <testcase classname="com.entrata.qa.testcases.ContactForm" name="verifytestContactFormInteractionWithoutSubmis" time="3.587"/>
  <testcase classname="com.entrata.qa.testcases.Privacy_Policy" name="validatePrivacyPolicyLink" time="2.657"/>
  <testcase classname="com.entrata.qa.testcases.HowItWorks" name="verifyHowItWorksFunction" time="3.402"/>
</testsuite> <!-- Entrata Test Cases -->
